<?xml version="1.0" encoding="UTF-8"?>
<!-- Generated by org.testng.reporters.JUnitReportReporter -->
<testsuite skipped="0" hostname="DESKTOP-N60QB27" name="runner.RunCuke" tests="1" failures="0" timestamp="2022-11-28T16:39:16 IST" time="76.216" errors="0">
  <testcase name="runScenario" time="76.216" classname="runner.RunCuke"/>
  <system-out/>
</testsuite> <!-- runner.RunCuke -->
